---------------------------------------------------------------
[ 2019-01-31T13:56:48+08:00 ] 127.0.0.1 GET www.yidonght.com/
[运行时间：0.038086s] [吞吐率：26.26req/s] [内存消耗：1,328.46kb] [文件加载：43]
[ info ] [ LANG ] D:\yidong\ApiAdmin\thinkphp\lang\zh-cn.php
[ info ] [ ROUTE ] array (
  'type' => 'module',
  'module' => 
  array (
    0 => 'api',
    1 => 'Miss',
    2 => 'index',
  ),
  'convert' => false,
)
[ info ] [ HEADER ] array (
  'accept-language' => 'zh-CN,zh;q=0.9',
  'accept-encoding' => 'gzip, deflate',
  'accept' => 'text/html,application/xhtml+xml,application/xml;q=0.9,image/webp,image/apng,*/*;q=0.8',
  'user-agent' => 'Mozilla/5.0 (Windows NT 6.1; WOW64) AppleWebKit/537.36 (KHTML, like Gecko) Chrome/65.0.3325.181 Safari/537.36',
  'upgrade-insecure-requests' => '1',
  'connection' => 'close',
  'host' => 'www.yidonght.com',
)
[ info ] [ PARAM ] array (
)
[ info ] [ RUN ] app\api\controller\Miss->index[ D:\yidong\ApiAdmin\application\api\controller\Miss.php ]
[ info ] [ BEHAVIOR ] Run app\api\behavior\BuildResponse @response_send [ RunTime:0.003906s ]
[ info ] [ LOG ] INIT File
---------------------------------------------------------------
[ 2019-01-31T13:59:51+08:00 ] 127.0.0.1 OPTIONS www.yidonght.com/admin/Login/index
[运行时间：0.029297s] [吞吐率：34.13req/s] [内存消耗：1,252.19kb] [文件加载：40]
[ info ] [ LANG ] D:\yidong\ApiAdmin\thinkphp\lang\zh-cn.php
[ info ] [ ROUTE ] array (
  'type' => 'module',
  'module' => 
  array (
    0 => 'admin',
    1 => 'Miss',
    2 => 'index',
  ),
  'convert' => false,
)
[ info ] [ HEADER ] array (
  'accept-language' => 'zh-CN,zh;q=0.9',
  'accept-encoding' => 'gzip, deflate',
  'accept' => '*/*',
  'access-control-request-headers' => 'apiauth,content-type',
  'user-agent' => 'Mozilla/5.0 (Windows NT 6.1; WOW64) AppleWebKit/537.36 (KHTML, like Gecko) Chrome/65.0.3325.181 Safari/537.36',
  'origin' => 'http://localhost:8082',
  'access-control-request-method' => 'POST',
  'connection' => 'close',
  'host' => 'www.yidonght.com',
)
[ info ] [ PARAM ] array (
  '/admin/Login/index' => '',
  'admin' => 'Login',
)
[ info ] [ RUN ] app\admin\controller\Miss->index[ D:\yidong\ApiAdmin\application\admin\controller\Miss.php ]
[ info ] [ BEHAVIOR ] Run app\admin\behavior\BuildResponse @response_send [ RunTime:0.000000s ]
[ info ] [ LOG ] INIT File
---------------------------------------------------------------
[ 2019-01-31T13:59:51+08:00 ] 127.0.0.1 POST www.yidonght.com/admin/Login/index
[运行时间：0.030274s] [吞吐率：33.03req/s] [内存消耗：1,336.01kb] [文件加载：43]
[ info ] [ LANG ] D:\yidong\ApiAdmin\thinkphp\lang\zh-cn.php
[ info ] [ ROUTE ] array (
  'type' => 'module',
  'module' => 
  array (
    0 => 'admin',
    1 => 'Login',
    2 => 'index',
  ),
  'convert' => false,
)
[ info ] [ HEADER ] array (
  'accept-language' => 'zh-CN,zh;q=0.9',
  'accept-encoding' => 'gzip, deflate',
  'referer' => 'http://localhost:8082/',
  'content-type' => 'application/json;charset=UTF-8',
  'user-agent' => 'Mozilla/5.0 (Windows NT 6.1; WOW64) AppleWebKit/537.36 (KHTML, like Gecko) Chrome/65.0.3325.181 Safari/537.36',
  'origin' => 'http://localhost:8082',
  'accept' => 'application/json, text/plain, */*',
  'apiauth' => 'null',
  'content-length' => '39',
  'connection' => 'close',
  'host' => 'www.yidonght.com',
)
[ info ] [ PARAM ] array (
  '/admin/Login/index' => '',
  'username' => 'root',
  'password' => '123456',
)
[ info ] [ CACHE ] INIT Redis
[ info ] [ BEHAVIOR ] Run app\admin\behavior\BuildResponse @response_send [ RunTime:0.000976s ]
[ info ] [ LOG ] INIT File
[ error ] [0]不支持: redis[D:\yidong\ApiAdmin\thinkphp\library\think\cache\driver\Redis.php:44]
---------------------------------------------------------------
[ 2019-01-31T14:13:15+08:00 ] 127.0.0.1 POST www.yidonght.com/admin/Login/index
[运行时间：0.034180s] [吞吐率：29.26req/s] [内存消耗：1,335.97kb] [文件加载：43]
[ info ] [ LANG ] D:\yidong\ApiAdmin\thinkphp\lang\zh-cn.php
[ info ] [ ROUTE ] array (
  'type' => 'module',
  'module' => 
  array (
    0 => 'admin',
    1 => 'Login',
    2 => 'index',
  ),
  'convert' => false,
)
[ info ] [ HEADER ] array (
  'accept-language' => 'zh-CN,zh;q=0.9',
  'accept-encoding' => 'gzip, deflate',
  'referer' => 'http://www.yidonght.com/',
  'content-type' => 'application/json;charset=UTF-8',
  'user-agent' => 'Mozilla/5.0 (Windows NT 6.1; WOW64) AppleWebKit/537.36 (KHTML, like Gecko) Chrome/65.0.3325.181 Safari/537.36',
  'origin' => 'http://www.yidonght.com',
  'accept' => 'application/json, text/plain, */*',
  'apiauth' => 'null',
  'content-length' => '39',
  'connection' => 'close',
  'host' => 'www.yidonght.com',
)
[ info ] [ PARAM ] array (
  '/admin/Login/index' => '',
  'username' => 'root',
  'password' => '123456',
)
[ info ] [ CACHE ] INIT Redis
[ info ] [ BEHAVIOR ] Run app\admin\behavior\BuildResponse @response_send [ RunTime:0.000977s ]
[ info ] [ LOG ] INIT File
[ error ] [0]不支持: redis[D:\yidong\ApiAdmin\thinkphp\library\think\cache\driver\Redis.php:44]
---------------------------------------------------------------
[ 2019-01-31T14:13:29+08:00 ] 127.0.0.1 POST www.yidonght.com/admin/Login/index
[运行时间：0.028320s] [吞吐率：35.31req/s] [内存消耗：1,335.94kb] [文件加载：43]
[ info ] [ LANG ] D:\yidong\ApiAdmin\thinkphp\lang\zh-cn.php
[ info ] [ ROUTE ] array (
  'type' => 'module',
  'module' => 
  array (
    0 => 'admin',
    1 => 'Login',
    2 => 'index',
  ),
  'convert' => false,
)
[ info ] [ HEADER ] array (
  'accept-language' => 'zh-CN,zh;q=0.9',
  'accept-encoding' => 'gzip, deflate',
  'referer' => 'http://www.yidonght.com/',
  'content-type' => 'application/json;charset=UTF-8',
  'user-agent' => 'Mozilla/5.0 (Windows NT 6.1; WOW64) AppleWebKit/537.36 (KHTML, like Gecko) Chrome/65.0.3325.181 Safari/537.36',
  'origin' => 'http://www.yidonght.com',
  'accept' => 'application/json, text/plain, */*',
  'apiauth' => 'null',
  'content-length' => '39',
  'connection' => 'close',
  'host' => 'www.yidonght.com',
)
[ info ] [ PARAM ] array (
  '/admin/Login/index' => '',
  'username' => 'root',
  'password' => '123456',
)
[ info ] [ CACHE ] INIT Redis
[ info ] [ BEHAVIOR ] Run app\admin\behavior\BuildResponse @response_send [ RunTime:0.000976s ]
[ info ] [ LOG ] INIT File
[ error ] [0]不支持: redis[D:\yidong\ApiAdmin\thinkphp\library\think\cache\driver\Redis.php:44]
---------------------------------------------------------------
[ 2019-01-31T14:13:30+08:00 ] 127.0.0.1 POST www.yidonght.com/admin/Login/index
[运行时间：0.028321s] [吞吐率：35.31req/s] [内存消耗：1,335.94kb] [文件加载：43]
[ info ] [ LANG ] D:\yidong\ApiAdmin\thinkphp\lang\zh-cn.php
[ info ] [ ROUTE ] array (
  'type' => 'module',
  'module' => 
  array (
    0 => 'admin',
    1 => 'Login',
    2 => 'index',
  ),
  'convert' => false,
)
[ info ] [ HEADER ] array (
  'accept-language' => 'zh-CN,zh;q=0.9',
  'accept-encoding' => 'gzip, deflate',
  'referer' => 'http://www.yidonght.com/',
  'content-type' => 'application/json;charset=UTF-8',
  'user-agent' => 'Mozilla/5.0 (Windows NT 6.1; WOW64) AppleWebKit/537.36 (KHTML, like Gecko) Chrome/65.0.3325.181 Safari/537.36',
  'origin' => 'http://www.yidonght.com',
  'accept' => 'application/json, text/plain, */*',
  'apiauth' => 'null',
  'content-length' => '39',
  'connection' => 'close',
  'host' => 'www.yidonght.com',
)
[ info ] [ PARAM ] array (
  '/admin/Login/index' => '',
  'username' => 'root',
  'password' => '123456',
)
[ info ] [ CACHE ] INIT Redis
[ info ] [ BEHAVIOR ] Run app\admin\behavior\BuildResponse @response_send [ RunTime:0.000000s ]
[ info ] [ LOG ] INIT File
[ error ] [0]不支持: redis[D:\yidong\ApiAdmin\thinkphp\library\think\cache\driver\Redis.php:44]
---------------------------------------------------------------
[ 2019-01-31T14:13:31+08:00 ] 127.0.0.1 POST www.yidonght.com/admin/Login/index
[运行时间：0.028320s] [吞吐率：35.31req/s] [内存消耗：1,335.94kb] [文件加载：43]
[ info ] [ LANG ] D:\yidong\ApiAdmin\thinkphp\lang\zh-cn.php
[ info ] [ ROUTE ] array (
  'type' => 'module',
  'module' => 
  array (
    0 => 'admin',
    1 => 'Login',
    2 => 'index',
  ),
  'convert' => false,
)
[ info ] [ HEADER ] array (
  'accept-language' => 'zh-CN,zh;q=0.9',
  'accept-encoding' => 'gzip, deflate',
  'referer' => 'http://www.yidonght.com/',
  'content-type' => 'application/json;charset=UTF-8',
  'user-agent' => 'Mozilla/5.0 (Windows NT 6.1; WOW64) AppleWebKit/537.36 (KHTML, like Gecko) Chrome/65.0.3325.181 Safari/537.36',
  'origin' => 'http://www.yidonght.com',
  'accept' => 'application/json, text/plain, */*',
  'apiauth' => 'null',
  'content-length' => '39',
  'connection' => 'close',
  'host' => 'www.yidonght.com',
)
[ info ] [ PARAM ] array (
  '/admin/Login/index' => '',
  'username' => 'root',
  'password' => '123456',
)
[ info ] [ CACHE ] INIT Redis
[ info ] [ BEHAVIOR ] Run app\admin\behavior\BuildResponse @response_send [ RunTime:0.000977s ]
[ info ] [ LOG ] INIT File
[ error ] [0]不支持: redis[D:\yidong\ApiAdmin\thinkphp\library\think\cache\driver\Redis.php:44]
---------------------------------------------------------------
[ 2019-01-31T14:13:31+08:00 ] 127.0.0.1 POST www.yidonght.com/admin/Login/index
[运行时间：0.028321s] [吞吐率：35.31req/s] [内存消耗：1,335.94kb] [文件加载：43]
[ info ] [ LANG ] D:\yidong\ApiAdmin\thinkphp\lang\zh-cn.php
[ info ] [ ROUTE ] array (
  'type' => 'module',
  'module' => 
  array (
    0 => 'admin',
    1 => 'Login',
    2 => 'index',
  ),
  'convert' => false,
)
[ info ] [ HEADER ] array (
  'accept-language' => 'zh-CN,zh;q=0.9',
  'accept-encoding' => 'gzip, deflate',
  'referer' => 'http://www.yidonght.com/',
  'content-type' => 'application/json;charset=UTF-8',
  'user-agent' => 'Mozilla/5.0 (Windows NT 6.1; WOW64) AppleWebKit/537.36 (KHTML, like Gecko) Chrome/65.0.3325.181 Safari/537.36',
  'origin' => 'http://www.yidonght.com',
  'accept' => 'application/json, text/plain, */*',
  'apiauth' => 'null',
  'content-length' => '39',
  'connection' => 'close',
  'host' => 'www.yidonght.com',
)
[ info ] [ PARAM ] array (
  '/admin/Login/index' => '',
  'username' => 'root',
  'password' => '123456',
)
[ info ] [ CACHE ] INIT Redis
[ info ] [ BEHAVIOR ] Run app\admin\behavior\BuildResponse @response_send [ RunTime:0.000000s ]
[ info ] [ LOG ] INIT File
[ error ] [0]不支持: redis[D:\yidong\ApiAdmin\thinkphp\library\think\cache\driver\Redis.php:44]
---------------------------------------------------------------
[ 2019-01-31T14:13:31+08:00 ] 127.0.0.1 POST www.yidonght.com/admin/Login/index
[运行时间：0.029297s] [吞吐率：34.13req/s] [内存消耗：1,335.94kb] [文件加载：43]
[ info ] [ LANG ] D:\yidong\ApiAdmin\thinkphp\lang\zh-cn.php
[ info ] [ ROUTE ] array (
  'type' => 'module',
  'module' => 
  array (
    0 => 'admin',
    1 => 'Login',
    2 => 'index',
  ),
  'convert' => false,
)
[ info ] [ HEADER ] array (
  'accept-language' => 'zh-CN,zh;q=0.9',
  'accept-encoding' => 'gzip, deflate',
  'referer' => 'http://www.yidonght.com/',
  'content-type' => 'application/json;charset=UTF-8',
  'user-agent' => 'Mozilla/5.0 (Windows NT 6.1; WOW64) AppleWebKit/537.36 (KHTML, like Gecko) Chrome/65.0.3325.181 Safari/537.36',
  'origin' => 'http://www.yidonght.com',
  'accept' => 'application/json, text/plain, */*',
  'apiauth' => 'null',
  'content-length' => '39',
  'connection' => 'close',
  'host' => 'www.yidonght.com',
)
[ info ] [ PARAM ] array (
  '/admin/Login/index' => '',
  'username' => 'root',
  'password' => '123456',
)
[ info ] [ CACHE ] INIT Redis
[ info ] [ BEHAVIOR ] Run app\admin\behavior\BuildResponse @response_send [ RunTime:0.000976s ]
[ info ] [ LOG ] INIT File
[ error ] [0]不支持: redis[D:\yidong\ApiAdmin\thinkphp\library\think\cache\driver\Redis.php:44]
---------------------------------------------------------------
[ 2019-01-31T14:13:32+08:00 ] 127.0.0.1 POST www.yidonght.com/admin/Login/index
[运行时间：0.027344s] [吞吐率：36.57req/s] [内存消耗：1,335.94kb] [文件加载：43]
[ info ] [ LANG ] D:\yidong\ApiAdmin\thinkphp\lang\zh-cn.php
[ info ] [ ROUTE ] array (
  'type' => 'module',
  'module' => 
  array (
    0 => 'admin',
    1 => 'Login',
    2 => 'index',
  ),
  'convert' => false,
)
[ info ] [ HEADER ] array (
  'accept-language' => 'zh-CN,zh;q=0.9',
  'accept-encoding' => 'gzip, deflate',
  'referer' => 'http://www.yidonght.com/',
  'content-type' => 'application/json;charset=UTF-8',
  'user-agent' => 'Mozilla/5.0 (Windows NT 6.1; WOW64) AppleWebKit/537.36 (KHTML, like Gecko) Chrome/65.0.3325.181 Safari/537.36',
  'origin' => 'http://www.yidonght.com',
  'accept' => 'application/json, text/plain, */*',
  'apiauth' => 'null',
  'content-length' => '39',
  'connection' => 'close',
  'host' => 'www.yidonght.com',
)
[ info ] [ PARAM ] array (
  '/admin/Login/index' => '',
  'username' => 'root',
  'password' => '123456',
)
[ info ] [ CACHE ] INIT Redis
[ info ] [ BEHAVIOR ] Run app\admin\behavior\BuildResponse @response_send [ RunTime:0.000977s ]
[ info ] [ LOG ] INIT File
[ error ] [0]不支持: redis[D:\yidong\ApiAdmin\thinkphp\library\think\cache\driver\Redis.php:44]
---------------------------------------------------------------
[ 2019-01-31T14:21:44+08:00 ] 127.0.0.1 POST www.yidonght.com/admin/Login/index
[运行时间：0.035156s] [吞吐率：28.44req/s] [内存消耗：1,335.97kb] [文件加载：43]
[ info ] [ LANG ] D:\yidong\ApiAdmin\thinkphp\lang\zh-cn.php
[ info ] [ ROUTE ] array (
  'type' => 'module',
  'module' => 
  array (
    0 => 'admin',
    1 => 'Login',
    2 => 'index',
  ),
  'convert' => false,
)
[ info ] [ HEADER ] array (
  'accept-language' => 'zh-CN,zh;q=0.9',
  'accept-encoding' => 'gzip, deflate',
  'referer' => 'http://www.yidonght.com/',
  'content-type' => 'application/json;charset=UTF-8',
  'user-agent' => 'Mozilla/5.0 (Windows NT 6.1; WOW64) AppleWebKit/537.36 (KHTML, like Gecko) Chrome/65.0.3325.181 Safari/537.36',
  'origin' => 'http://www.yidonght.com',
  'accept' => 'application/json, text/plain, */*',
  'apiauth' => 'null',
  'content-length' => '39',
  'connection' => 'close',
  'host' => 'www.yidonght.com',
)
[ info ] [ PARAM ] array (
  '/admin/Login/index' => '',
  'username' => 'root',
  'password' => '123456',
)
[ info ] [ CACHE ] INIT Redis
[ info ] [ BEHAVIOR ] Run app\admin\behavior\BuildResponse @response_send [ RunTime:0.000977s ]
[ info ] [ LOG ] INIT File
[ error ] [0]不支持: redis[D:\yidong\ApiAdmin\thinkphp\library\think\cache\driver\Redis.php:44]
---------------------------------------------------------------
[ 2019-01-31T14:24:31+08:00 ] 127.0.0.1 POST www.yidonght.com/admin/Login/index
[运行时间：0.189454s] [吞吐率：5.28req/s] [内存消耗：2,241.45kb] [文件加载：53]
[ info ] [ LANG ] D:\yidong\ApiAdmin\thinkphp\lang\zh-cn.php
[ info ] [ ROUTE ] array (
  'type' => 'module',
  'module' => 
  array (
    0 => 'admin',
    1 => 'Login',
    2 => 'index',
  ),
  'convert' => false,
)
[ info ] [ HEADER ] array (
  'accept-language' => 'zh-CN,zh;q=0.9',
  'accept-encoding' => 'gzip, deflate',
  'referer' => 'http://www.yidonght.com/',
  'content-type' => 'application/json;charset=UTF-8',
  'user-agent' => 'Mozilla/5.0 (Windows NT 6.1; WOW64) AppleWebKit/537.36 (KHTML, like Gecko) Chrome/65.0.3325.181 Safari/537.36',
  'origin' => 'http://www.yidonght.com',
  'accept' => 'application/json, text/plain, */*',
  'apiauth' => 'null',
  'content-length' => '39',
  'connection' => 'close',
  'host' => 'www.yidonght.com',
)
[ info ] [ PARAM ] array (
  '/admin/Login/index' => '',
  'username' => 'root',
  'password' => '123456',
)
[ info ] [ CACHE ] INIT File
[ info ] [ RUN ] app\admin\controller\Login->index[ D:\yidong\ApiAdmin\application\admin\controller\Login.php ]
[ info ] [ DB ] INIT mysql
[ info ] [ BEHAVIOR ] Run app\admin\behavior\BuildResponse @response_send [ RunTime:0.000976s ]
[ info ] [ LOG ] INIT File
[ error ] [1045]SQLSTATE[HY000] [1045] Access denied for user 'root'@'36.7.147.100' (using password: YES)[D:\yidong\ApiAdmin\thinkphp\library\think\db\Connection.php:295]
---------------------------------------------------------------
[ 2019-01-31T14:27:33+08:00 ] 127.0.0.1 POST www.yidonght.com/admin/Login/index
[运行时间：0.547852s] [吞吐率：1.83req/s] [内存消耗：2,348.08kb] [文件加载：55]
[ info ] [ LANG ] D:\yidong\ApiAdmin\thinkphp\lang\zh-cn.php
[ info ] [ ROUTE ] array (
  'type' => 'module',
  'module' => 
  array (
    0 => 'admin',
    1 => 'Login',
    2 => 'index',
  ),
  'convert' => false,
)
[ info ] [ HEADER ] array (
  'accept-language' => 'zh-CN,zh;q=0.9',
  'accept-encoding' => 'gzip, deflate',
  'referer' => 'http://www.yidonght.com/',
  'content-type' => 'application/json;charset=UTF-8',
  'user-agent' => 'Mozilla/5.0 (Windows NT 6.1; WOW64) AppleWebKit/537.36 (KHTML, like Gecko) Chrome/65.0.3325.181 Safari/537.36',
  'origin' => 'http://www.yidonght.com',
  'accept' => 'application/json, text/plain, */*',
  'apiauth' => 'null',
  'content-length' => '39',
  'connection' => 'close',
  'host' => 'www.yidonght.com',
)
[ info ] [ PARAM ] array (
  '/admin/Login/index' => '',
  'username' => 'root',
  'password' => '123456',
)
[ info ] [ CACHE ] INIT File
[ info ] [ RUN ] app\admin\controller\Login->index[ D:\yidong\ApiAdmin\application\admin\controller\Login.php ]
[ info ] [ DB ] INIT mysql
[ info ] [ BEHAVIOR ] Run app\admin\behavior\BuildResponse @response_send [ RunTime:0.000000s ]
[ info ] [ LOG ] INIT File
[ sql ] [ DB ] CONNECT:[ UseTime:0.088867s ] mysql:host=47.104.131.96;dbname=yidong;charset=utf8
[ sql ] [ SQL ] SHOW COLUMNS FROM `admin_user` [ RunTime:0.055664s ]
[ sql ] [ SQL ] SELECT * FROM `admin_user` WHERE  `username` = 'root'  AND `password` = '912601e4ad1b308c9ae41877cf6ca754' LIMIT 1 [ RunTime:0.056641s ]
[ sql ] [ SQL ] SHOW COLUMNS FROM `admin_user_data` [ RunTime:0.056641s ]
[ sql ] [ SQL ] SELECT * FROM `admin_user_data` WHERE  `uid` = '1' LIMIT 1 [ RunTime:0.055664s ]
[ sql ] [ SQL ] UPDATE `admin_user_data`  SET `loginTimes`=1,`lastLoginIp`=2130706433,`lastLoginTime`=1548916053  WHERE  `id` = 1 [ RunTime:0.060547s ]
[ sql ] [ SQL ] SHOW COLUMNS FROM `admin_menu` [ RunTime:0.055664s ]
[ sql ] [ SQL ] SELECT * FROM `admin_menu` WHERE  `hide` = 0 [ RunTime:0.057617s ]
---------------------------------------------------------------
[ 2019-01-31T14:30:02+08:00 ] 127.0.0.1 POST www.yidonght.com/admin/Login/index
[运行时间：0.730468s] [吞吐率：1.37req/s] [内存消耗：2,347.91kb] [文件加载：55]
[ info ] [ LANG ] D:\yidong\ApiAdmin\thinkphp\lang\zh-cn.php
[ info ] [ ROUTE ] array (
  'type' => 'module',
  'module' => 
  array (
    0 => 'admin',
    1 => 'Login',
    2 => 'index',
  ),
  'convert' => false,
)
[ info ] [ HEADER ] array (
  'accept-language' => 'zh-CN,zh;q=0.9',
  'accept-encoding' => 'gzip, deflate',
  'referer' => 'http://www.yidonght.com/',
  'content-type' => 'application/json;charset=UTF-8',
  'user-agent' => 'Mozilla/5.0 (Windows NT 6.1; WOW64) AppleWebKit/537.36 (KHTML, like Gecko) Chrome/65.0.3325.181 Safari/537.36',
  'origin' => 'http://www.yidonght.com',
  'accept' => 'application/json, text/plain, */*',
  'apiauth' => 'null',
  'content-length' => '39',
  'connection' => 'close',
  'host' => 'www.yidonght.com',
)
[ info ] [ PARAM ] array (
  '/admin/Login/index' => '',
  'username' => 'root',
  'password' => '123456',
)
[ info ] [ CACHE ] INIT File
[ info ] [ RUN ] app\admin\controller\Login->index[ D:\yidong\ApiAdmin\application\admin\controller\Login.php ]
[ info ] [ DB ] INIT mysql
[ info ] [ BEHAVIOR ] Run app\admin\behavior\BuildResponse @response_send [ RunTime:0.000000s ]
[ info ] [ LOG ] INIT File
[ sql ] [ DB ] CONNECT:[ UseTime:0.157226s ] mysql:host=47.104.131.96;dbname=yidong;charset=utf8
[ sql ] [ SQL ] SHOW COLUMNS FROM `admin_user` [ RunTime:0.072265s ]
[ sql ] [ SQL ] SELECT * FROM `admin_user` WHERE  `username` = 'root'  AND `password` = '912601e4ad1b308c9ae41877cf6ca754' LIMIT 1 [ RunTime:0.074219s ]
[ sql ] [ SQL ] SHOW COLUMNS FROM `admin_user_data` [ RunTime:0.073242s ]
[ sql ] [ SQL ] SELECT * FROM `admin_user_data` WHERE  `uid` = '1' LIMIT 1 [ RunTime:0.072265s ]
[ sql ] [ SQL ] UPDATE `admin_user_data`  SET `loginTimes`=2,`lastLoginTime`=1548916202  WHERE  `id` = 1 [ RunTime:0.076172s ]
[ sql ] [ SQL ] SHOW COLUMNS FROM `admin_menu` [ RunTime:0.072266s ]
[ sql ] [ SQL ] SELECT * FROM `admin_menu` WHERE  `hide` = 0 [ RunTime:0.072266s ]
---------------------------------------------------------------
[ 2019-01-31T14:30:03+08:00 ] 127.0.0.1 POST www.yidonght.com/admin/Login/index
[运行时间：0.547851s] [吞吐率：1.83req/s] [内存消耗：2,347.82kb] [文件加载：55]
[ info ] [ LANG ] D:\yidong\ApiAdmin\thinkphp\lang\zh-cn.php
[ info ] [ ROUTE ] array (
  'type' => 'module',
  'module' => 
  array (
    0 => 'admin',
    1 => 'Login',
    2 => 'index',
  ),
  'convert' => false,
)
[ info ] [ HEADER ] array (
  'accept-language' => 'zh-CN,zh;q=0.9',
  'accept-encoding' => 'gzip, deflate',
  'referer' => 'http://www.yidonght.com/',
  'content-type' => 'application/json;charset=UTF-8',
  'user-agent' => 'Mozilla/5.0 (Windows NT 6.1; WOW64) AppleWebKit/537.36 (KHTML, like Gecko) Chrome/65.0.3325.181 Safari/537.36',
  'origin' => 'http://www.yidonght.com',
  'accept' => 'application/json, text/plain, */*',
  'apiauth' => 'null',
  'content-length' => '39',
  'connection' => 'close',
  'host' => 'www.yidonght.com',
)
[ info ] [ PARAM ] array (
  '/admin/Login/index' => '',
  'username' => 'root',
  'password' => '123456',
)
[ info ] [ CACHE ] INIT File
[ info ] [ RUN ] app\admin\controller\Login->index[ D:\yidong\ApiAdmin\application\admin\controller\Login.php ]
[ info ] [ DB ] INIT mysql
[ info ] [ BEHAVIOR ] Run app\admin\behavior\BuildResponse @response_send [ RunTime:0.000977s ]
[ info ] [ LOG ] INIT File
[ sql ] [ DB ] CONNECT:[ UseTime:0.083984s ] mysql:host=47.104.131.96;dbname=yidong;charset=utf8
[ sql ] [ SQL ] SHOW COLUMNS FROM `admin_user` [ RunTime:0.055664s ]
[ sql ] [ SQL ] SELECT * FROM `admin_user` WHERE  `username` = 'root'  AND `password` = '912601e4ad1b308c9ae41877cf6ca754' LIMIT 1 [ RunTime:0.056641s ]
[ sql ] [ SQL ] SHOW COLUMNS FROM `admin_user_data` [ RunTime:0.055664s ]
[ sql ] [ SQL ] SELECT * FROM `admin_user_data` WHERE  `uid` = '1' LIMIT 1 [ RunTime:0.056641s ]
[ sql ] [ SQL ] UPDATE `admin_user_data`  SET `loginTimes`=3  WHERE  `id` = 1 [ RunTime:0.069336s ]
[ sql ] [ SQL ] SHOW COLUMNS FROM `admin_menu` [ RunTime:0.057617s ]
[ sql ] [ SQL ] SELECT * FROM `admin_menu` WHERE  `hide` = 0 [ RunTime:0.057617s ]
---------------------------------------------------------------
[ 2019-01-31T14:30:03+08:00 ] 127.0.0.1 POST www.yidonght.com/admin/Login/index
[运行时间：0.579102s] [吞吐率：1.73req/s] [内存消耗：2,347.97kb] [文件加载：55]
[ info ] [ LANG ] D:\yidong\ApiAdmin\thinkphp\lang\zh-cn.php
[ info ] [ ROUTE ] array (
  'type' => 'module',
  'module' => 
  array (
    0 => 'admin',
    1 => 'Login',
    2 => 'index',
  ),
  'convert' => false,
)
[ info ] [ HEADER ] array (
  'accept-language' => 'zh-CN,zh;q=0.9',
  'accept-encoding' => 'gzip, deflate',
  'referer' => 'http://www.yidonght.com/',
  'content-type' => 'application/json;charset=UTF-8',
  'user-agent' => 'Mozilla/5.0 (Windows NT 6.1; WOW64) AppleWebKit/537.36 (KHTML, like Gecko) Chrome/65.0.3325.181 Safari/537.36',
  'origin' => 'http://www.yidonght.com',
  'accept' => 'application/json, text/plain, */*',
  'apiauth' => 'null',
  'content-length' => '39',
  'connection' => 'close',
  'host' => 'www.yidonght.com',
)
[ info ] [ PARAM ] array (
  '/admin/Login/index' => '',
  'username' => 'root',
  'password' => '123456',
)
[ info ] [ CACHE ] INIT File
[ info ] [ RUN ] app\admin\controller\Login->index[ D:\yidong\ApiAdmin\application\admin\controller\Login.php ]
[ info ] [ DB ] INIT mysql
[ info ] [ BEHAVIOR ] Run app\admin\behavior\BuildResponse @response_send [ RunTime:0.000977s ]
[ info ] [ LOG ] INIT File
[ sql ] [ DB ] CONNECT:[ UseTime:0.090820s ] mysql:host=47.104.131.96;dbname=yidong;charset=utf8
[ sql ] [ SQL ] SHOW COLUMNS FROM `admin_user` [ RunTime:0.060546s ]
[ sql ] [ SQL ] SELECT * FROM `admin_user` WHERE  `username` = 'root'  AND `password` = '912601e4ad1b308c9ae41877cf6ca754' LIMIT 1 [ RunTime:0.061523s ]
[ sql ] [ SQL ] SHOW COLUMNS FROM `admin_user_data` [ RunTime:0.061524s ]
[ sql ] [ SQL ] SELECT * FROM `admin_user_data` WHERE  `uid` = '1' LIMIT 1 [ RunTime:0.061523s ]
[ sql ] [ SQL ] UPDATE `admin_user_data`  SET `loginTimes`=4,`lastLoginTime`=1548916203  WHERE  `id` = 1 [ RunTime:0.066407s ]
[ sql ] [ SQL ] SHOW COLUMNS FROM `admin_menu` [ RunTime:0.060547s ]
[ sql ] [ SQL ] SELECT * FROM `admin_menu` WHERE  `hide` = 0 [ RunTime:0.062500s ]
---------------------------------------------------------------
[ 2019-01-31T14:30:04+08:00 ] 127.0.0.1 POST www.yidonght.com/admin/Login/index
[运行时间：0.460938s] [吞吐率：2.17req/s] [内存消耗：2,347.97kb] [文件加载：55]
[ info ] [ LANG ] D:\yidong\ApiAdmin\thinkphp\lang\zh-cn.php
[ info ] [ ROUTE ] array (
  'type' => 'module',
  'module' => 
  array (
    0 => 'admin',
    1 => 'Login',
    2 => 'index',
  ),
  'convert' => false,
)
[ info ] [ HEADER ] array (
  'accept-language' => 'zh-CN,zh;q=0.9',
  'accept-encoding' => 'gzip, deflate',
  'referer' => 'http://www.yidonght.com/',
  'content-type' => 'application/json;charset=UTF-8',
  'user-agent' => 'Mozilla/5.0 (Windows NT 6.1; WOW64) AppleWebKit/537.36 (KHTML, like Gecko) Chrome/65.0.3325.181 Safari/537.36',
  'origin' => 'http://www.yidonght.com',
  'accept' => 'application/json, text/plain, */*',
  'apiauth' => 'null',
  'content-length' => '39',
  'connection' => 'close',
  'host' => 'www.yidonght.com',
)
[ info ] [ PARAM ] array (
  '/admin/Login/index' => '',
  'username' => 'root',
  'password' => '123456',
)
[ info ] [ CACHE ] INIT File
[ info ] [ RUN ] app\admin\controller\Login->index[ D:\yidong\ApiAdmin\application\admin\controller\Login.php ]
[ info ] [ DB ] INIT mysql
[ info ] [ BEHAVIOR ] Run app\admin\behavior\BuildResponse @response_send [ RunTime:0.000000s ]
[ info ] [ LOG ] INIT File
[ sql ] [ DB ] CONNECT:[ UseTime:0.071289s ] mysql:host=47.104.131.96;dbname=yidong;charset=utf8
[ sql ] [ SQL ] SHOW COLUMNS FROM `admin_user` [ RunTime:0.046875s ]
[ sql ] [ SQL ] SELECT * FROM `admin_user` WHERE  `username` = 'root'  AND `password` = '912601e4ad1b308c9ae41877cf6ca754' LIMIT 1 [ RunTime:0.046875s ]
[ sql ] [ SQL ] SHOW COLUMNS FROM `admin_user_data` [ RunTime:0.047852s ]
[ sql ] [ SQL ] SELECT * FROM `admin_user_data` WHERE  `uid` = '1' LIMIT 1 [ RunTime:0.045899s ]
[ sql ] [ SQL ] UPDATE `admin_user_data`  SET `loginTimes`=5,`lastLoginTime`=1548916204  WHERE  `id` = 1 [ RunTime:0.051758s ]
[ sql ] [ SQL ] SHOW COLUMNS FROM `admin_menu` [ RunTime:0.046875s ]
[ sql ] [ SQL ] SELECT * FROM `admin_menu` WHERE  `hide` = 0 [ RunTime:0.048828s ]
---------------------------------------------------------------
[ 2019-01-31T14:30:04+08:00 ] 127.0.0.1 POST www.yidonght.com/admin/Login/index
[运行时间：0.508789s] [吞吐率：1.97req/s] [内存消耗：2,347.77kb] [文件加载：55]
[ info ] [ LANG ] D:\yidong\ApiAdmin\thinkphp\lang\zh-cn.php
[ info ] [ ROUTE ] array (
  'type' => 'module',
  'module' => 
  array (
    0 => 'admin',
    1 => 'Login',
    2 => 'index',
  ),
  'convert' => false,
)
[ info ] [ HEADER ] array (
  'accept-language' => 'zh-CN,zh;q=0.9',
  'accept-encoding' => 'gzip, deflate',
  'referer' => 'http://www.yidonght.com/',
  'content-type' => 'application/json;charset=UTF-8',
  'user-agent' => 'Mozilla/5.0 (Windows NT 6.1; WOW64) AppleWebKit/537.36 (KHTML, like Gecko) Chrome/65.0.3325.181 Safari/537.36',
  'origin' => 'http://www.yidonght.com',
  'accept' => 'application/json, text/plain, */*',
  'apiauth' => 'null',
  'content-length' => '39',
  'connection' => 'close',
  'host' => 'www.yidonght.com',
)
[ info ] [ PARAM ] array (
  '/admin/Login/index' => '',
  'username' => 'root',
  'password' => '123456',
)
[ info ] [ CACHE ] INIT File
[ info ] [ RUN ] app\admin\controller\Login->index[ D:\yidong\ApiAdmin\application\admin\controller\Login.php ]
[ info ] [ DB ] INIT mysql
[ info ] [ BEHAVIOR ] Run app\admin\behavior\BuildResponse @response_send [ RunTime:0.000000s ]
[ info ] [ LOG ] INIT File
[ sql ] [ DB ] CONNECT:[ UseTime:0.115234s ] mysql:host=47.104.131.96;dbname=yidong;charset=utf8
[ sql ] [ SQL ] SHOW COLUMNS FROM `admin_user` [ RunTime:0.045899s ]
[ sql ] [ SQL ] SELECT * FROM `admin_user` WHERE  `username` = 'root'  AND `password` = '912601e4ad1b308c9ae41877cf6ca754' LIMIT 1 [ RunTime:0.044922s ]
[ sql ] [ SQL ] SHOW COLUMNS FROM `admin_user_data` [ RunTime:0.044922s ]
[ sql ] [ SQL ] SELECT * FROM `admin_user_data` WHERE  `uid` = '1' LIMIT 1 [ RunTime:0.044922s ]
[ sql ] [ SQL ] UPDATE `admin_user_data`  SET `loginTimes`=6  WHERE  `id` = 1 [ RunTime:0.059570s ]
[ sql ] [ SQL ] SHOW COLUMNS FROM `admin_menu` [ RunTime:0.044922s ]
[ sql ] [ SQL ] SELECT * FROM `admin_menu` WHERE  `hide` = 0 [ RunTime:0.044922s ]
---------------------------------------------------------------
[ 2019-01-31T14:30:57+08:00 ] 127.0.0.1 POST www.yidonght.com/admin/Login/index
[运行时间：0.438477s] [吞吐率：2.28req/s] [内存消耗：2,347.97kb] [文件加载：55]
[ info ] [ LANG ] D:\yidong\ApiAdmin\thinkphp\lang\zh-cn.php
[ info ] [ ROUTE ] array (
  'type' => 'module',
  'module' => 
  array (
    0 => 'admin',
    1 => 'Login',
    2 => 'index',
  ),
  'convert' => false,
)
[ info ] [ HEADER ] array (
  'accept-language' => 'zh-CN,zh;q=0.9',
  'accept-encoding' => 'gzip, deflate',
  'referer' => 'http://www.yidonght.com/',
  'content-type' => 'application/json;charset=UTF-8',
  'user-agent' => 'Mozilla/5.0 (Windows NT 6.1; WOW64) AppleWebKit/537.36 (KHTML, like Gecko) Chrome/65.0.3325.181 Safari/537.36',
  'origin' => 'http://www.yidonght.com',
  'accept' => 'application/json, text/plain, */*',
  'apiauth' => 'null',
  'content-length' => '39',
  'connection' => 'close',
  'host' => 'www.yidonght.com',
)
[ info ] [ PARAM ] array (
  '/admin/Login/index' => '',
  'username' => 'root',
  'password' => '123456',
)
[ info ] [ CACHE ] INIT File
[ info ] [ RUN ] app\admin\controller\Login->index[ D:\yidong\ApiAdmin\application\admin\controller\Login.php ]
[ info ] [ DB ] INIT mysql
[ info ] [ BEHAVIOR ] Run app\admin\behavior\BuildResponse @response_send [ RunTime:0.000977s ]
[ info ] [ LOG ] INIT File
[ sql ] [ DB ] CONNECT:[ UseTime:0.066406s ] mysql:host=47.104.131.96;dbname=yidong;charset=utf8
[ sql ] [ SQL ] SHOW COLUMNS FROM `admin_user` [ RunTime:0.043945s ]
[ sql ] [ SQL ] SELECT * FROM `admin_user` WHERE  `username` = 'root'  AND `password` = '912601e4ad1b308c9ae41877cf6ca754' LIMIT 1 [ RunTime:0.044921s ]
[ sql ] [ SQL ] SHOW COLUMNS FROM `admin_user_data` [ RunTime:0.043945s ]
[ sql ] [ SQL ] SELECT * FROM `admin_user_data` WHERE  `uid` = '1' LIMIT 1 [ RunTime:0.043945s ]
[ sql ] [ SQL ] UPDATE `admin_user_data`  SET `loginTimes`=7,`lastLoginTime`=1548916256  WHERE  `id` = 1 [ RunTime:0.048828s ]
[ sql ] [ SQL ] SHOW COLUMNS FROM `admin_menu` [ RunTime:0.044922s ]
[ sql ] [ SQL ] SELECT * FROM `admin_menu` WHERE  `hide` = 0 [ RunTime:0.045898s ]
---------------------------------------------------------------
[ 2019-01-31T14:32:16+08:00 ] 127.0.0.1 POST www.yidonght.com/admin/Login/index
[运行时间：0.680664s] [吞吐率：1.47req/s] [内存消耗：2,348.01kb] [文件加载：55]
[ info ] [ LANG ] D:\yidong\ApiAdmin\thinkphp\lang\zh-cn.php
[ info ] [ ROUTE ] array (
  'type' => 'module',
  'module' => 
  array (
    0 => 'admin',
    1 => 'Login',
    2 => 'index',
  ),
  'convert' => false,
)
[ info ] [ HEADER ] array (
  'accept-language' => 'zh-CN,zh;q=0.9',
  'accept-encoding' => 'gzip, deflate',
  'referer' => 'http://www.yidonght.com/',
  'content-type' => 'application/json;charset=UTF-8',
  'user-agent' => 'Mozilla/5.0 (Windows NT 6.1; Win64; x64) AppleWebKit/537.36 (KHTML, like Gecko) Chrome/71.0.3578.98 Safari/537.36',
  'origin' => 'http://www.yidonght.com',
  'accept' => 'application/json, text/plain, */*',
  'apiauth' => 'null',
  'content-length' => '39',
  'connection' => 'close',
  'host' => 'www.yidonght.com',
)
[ info ] [ PARAM ] array (
  '/admin/Login/index' => '',
  'username' => 'root',
  'password' => '123456',
)
[ info ] [ CACHE ] INIT File
[ info ] [ RUN ] app\admin\controller\Login->index[ D:\yidong\ApiAdmin\application\admin\controller\Login.php ]
[ info ] [ DB ] INIT mysql
[ info ] [ BEHAVIOR ] Run app\admin\behavior\BuildResponse @response_send [ RunTime:0.000000s ]
[ info ] [ LOG ] INIT File
[ sql ] [ DB ] CONNECT:[ UseTime:0.109375s ] mysql:host=47.104.131.96;dbname=yidong;charset=utf8
[ sql ] [ SQL ] SHOW COLUMNS FROM `admin_user` [ RunTime:0.072266s ]
[ sql ] [ SQL ] SELECT * FROM `admin_user` WHERE  `username` = 'root'  AND `password` = '912601e4ad1b308c9ae41877cf6ca754' LIMIT 1 [ RunTime:0.072265s ]
[ sql ] [ SQL ] SHOW COLUMNS FROM `admin_user_data` [ RunTime:0.072265s ]
[ sql ] [ SQL ] SELECT * FROM `admin_user_data` WHERE  `uid` = '1' LIMIT 1 [ RunTime:0.072266s ]
[ sql ] [ SQL ] UPDATE `admin_user_data`  SET `loginTimes`=8,`lastLoginTime`=1548916335  WHERE  `id` = 1 [ RunTime:0.076171s ]
[ sql ] [ SQL ] SHOW COLUMNS FROM `admin_menu` [ RunTime:0.072265s ]
[ sql ] [ SQL ] SELECT * FROM `admin_menu` WHERE  `hide` = 0 [ RunTime:0.074219s ]
---------------------------------------------------------------
[ 2019-01-31T14:32:38+08:00 ] 127.0.0.1 POST www.yidonght.com/admin/Login/index
[运行时间：0.621094s] [吞吐率：1.61req/s] [内存消耗：2,348.01kb] [文件加载：55]
[ info ] [ LANG ] D:\yidong\ApiAdmin\thinkphp\lang\zh-cn.php
[ info ] [ ROUTE ] array (
  'type' => 'module',
  'module' => 
  array (
    0 => 'admin',
    1 => 'Login',
    2 => 'index',
  ),
  'convert' => false,
)
[ info ] [ HEADER ] array (
  'accept-language' => 'zh-CN,zh;q=0.9',
  'accept-encoding' => 'gzip, deflate',
  'referer' => 'http://www.yidonght.com/',
  'content-type' => 'application/json;charset=UTF-8',
  'user-agent' => 'Mozilla/5.0 (Windows NT 6.1; Win64; x64) AppleWebKit/537.36 (KHTML, like Gecko) Chrome/71.0.3578.98 Safari/537.36',
  'origin' => 'http://www.yidonght.com',
  'accept' => 'application/json, text/plain, */*',
  'apiauth' => 'null',
  'content-length' => '39',
  'connection' => 'close',
  'host' => 'www.yidonght.com',
)
[ info ] [ PARAM ] array (
  '/admin/Login/index' => '',
  'username' => 'root',
  'password' => '123456',
)
[ info ] [ CACHE ] INIT File
[ info ] [ RUN ] app\admin\controller\Login->index[ D:\yidong\ApiAdmin\application\admin\controller\Login.php ]
[ info ] [ DB ] INIT mysql
[ info ] [ BEHAVIOR ] Run app\admin\behavior\BuildResponse @response_send [ RunTime:0.000000s ]
[ info ] [ LOG ] INIT File
[ sql ] [ DB ] CONNECT:[ UseTime:0.098633s ] mysql:host=47.104.131.96;dbname=yidong;charset=utf8
[ sql ] [ SQL ] SHOW COLUMNS FROM `admin_user` [ RunTime:0.064453s ]
[ sql ] [ SQL ] SELECT * FROM `admin_user` WHERE  `username` = 'root'  AND `password` = '912601e4ad1b308c9ae41877cf6ca754' LIMIT 1 [ RunTime:0.064453s ]
[ sql ] [ SQL ] SHOW COLUMNS FROM `admin_user_data` [ RunTime:0.065429s ]
[ sql ] [ SQL ] SELECT * FROM `admin_user_data` WHERE  `uid` = '1' LIMIT 1 [ RunTime:0.065430s ]
[ sql ] [ SQL ] UPDATE `admin_user_data`  SET `loginTimes`=9,`lastLoginTime`=1548916358  WHERE  `id` = 1 [ RunTime:0.070313s ]
[ sql ] [ SQL ] SHOW COLUMNS FROM `admin_menu` [ RunTime:0.065430s ]
[ sql ] [ SQL ] SELECT * FROM `admin_menu` WHERE  `hide` = 0 [ RunTime:0.065430s ]
---------------------------------------------------------------
[ 2019-01-31T14:34:53+08:00 ] 127.0.0.1 POST www.yidonght.com/admin/Login/index
[运行时间：0.584961s] [吞吐率：1.71req/s] [内存消耗：2,347.98kb] [文件加载：55]
[ info ] [ LANG ] D:\yidong\ApiAdmin\thinkphp\lang\zh-cn.php
[ info ] [ ROUTE ] array (
  'type' => 'module',
  'module' => 
  array (
    0 => 'admin',
    1 => 'Login',
    2 => 'index',
  ),
  'convert' => false,
)
[ info ] [ HEADER ] array (
  'accept-language' => 'zh-CN,zh;q=0.9',
  'accept-encoding' => 'gzip, deflate',
  'referer' => 'http://www.yidonght.com/',
  'content-type' => 'application/json;charset=UTF-8',
  'user-agent' => 'Mozilla/5.0 (Windows NT 6.1; WOW64) AppleWebKit/537.36 (KHTML, like Gecko) Chrome/65.0.3325.181 Safari/537.36',
  'origin' => 'http://www.yidonght.com',
  'accept' => 'application/json, text/plain, */*',
  'apiauth' => 'null',
  'content-length' => '39',
  'connection' => 'close',
  'host' => 'www.yidonght.com',
)
[ info ] [ PARAM ] array (
  '/admin/Login/index' => '',
  'username' => 'root',
  'password' => '123456',
)
[ info ] [ CACHE ] INIT File
[ info ] [ RUN ] app\admin\controller\Login->index[ D:\yidong\ApiAdmin\application\admin\controller\Login.php ]
[ info ] [ DB ] INIT mysql
[ info ] [ BEHAVIOR ] Run app\admin\behavior\BuildResponse @response_send [ RunTime:0.000977s ]
[ info ] [ LOG ] INIT File
[ sql ] [ DB ] CONNECT:[ UseTime:0.091797s ] mysql:host=47.104.131.96;dbname=yidong;charset=utf8
[ sql ] [ SQL ] SHOW COLUMNS FROM `admin_user` [ RunTime:0.061524s ]
[ sql ] [ SQL ] SELECT * FROM `admin_user` WHERE  `username` = 'root'  AND `password` = '912601e4ad1b308c9ae41877cf6ca754' LIMIT 1 [ RunTime:0.060547s ]
[ sql ] [ SQL ] SHOW COLUMNS FROM `admin_user_data` [ RunTime:0.059570s ]
[ sql ] [ SQL ] SELECT * FROM `admin_user_data` WHERE  `uid` = '1' LIMIT 1 [ RunTime:0.061523s ]
[ sql ] [ SQL ] UPDATE `admin_user_data`  SET `loginTimes`=10,`lastLoginTime`=1548916493  WHERE  `id` = 1 [ RunTime:0.065429s ]
[ sql ] [ SQL ] SHOW COLUMNS FROM `admin_menu` [ RunTime:0.060546s ]
[ sql ] [ SQL ] SELECT * FROM `admin_menu` WHERE  `hide` = 0 [ RunTime:0.060547s ]
---------------------------------------------------------------
[ 2019-01-31T14:34:54+08:00 ] 127.0.0.1 POST www.yidonght.com/admin/Login/index
[运行时间：0.591797s] [吞吐率：1.69req/s] [内存消耗：2,347.82kb] [文件加载：55]
[ info ] [ LANG ] D:\yidong\ApiAdmin\thinkphp\lang\zh-cn.php
[ info ] [ ROUTE ] array (
  'type' => 'module',
  'module' => 
  array (
    0 => 'admin',
    1 => 'Login',
    2 => 'index',
  ),
  'convert' => false,
)
[ info ] [ HEADER ] array (
  'accept-language' => 'zh-CN,zh;q=0.9',
  'accept-encoding' => 'gzip, deflate',
  'referer' => 'http://www.yidonght.com/',
  'content-type' => 'application/json;charset=UTF-8',
  'user-agent' => 'Mozilla/5.0 (Windows NT 6.1; WOW64) AppleWebKit/537.36 (KHTML, like Gecko) Chrome/65.0.3325.181 Safari/537.36',
  'origin' => 'http://www.yidonght.com',
  'accept' => 'application/json, text/plain, */*',
  'apiauth' => 'null',
  'content-length' => '39',
  'connection' => 'close',
  'host' => 'www.yidonght.com',
)
[ info ] [ PARAM ] array (
  '/admin/Login/index' => '',
  'username' => 'root',
  'password' => '123456',
)
[ info ] [ CACHE ] INIT File
[ info ] [ RUN ] app\admin\controller\Login->index[ D:\yidong\ApiAdmin\application\admin\controller\Login.php ]
[ info ] [ DB ] INIT mysql
[ info ] [ BEHAVIOR ] Run app\admin\behavior\BuildResponse @response_send [ RunTime:0.000000s ]
[ info ] [ LOG ] INIT File
[ sql ] [ DB ] CONNECT:[ UseTime:0.094726s ] mysql:host=47.104.131.96;dbname=yidong;charset=utf8
[ sql ] [ SQL ] SHOW COLUMNS FROM `admin_user` [ RunTime:0.063477s ]
[ sql ] [ SQL ] SELECT * FROM `admin_user` WHERE  `username` = 'root'  AND `password` = '912601e4ad1b308c9ae41877cf6ca754' LIMIT 1 [ RunTime:0.063476s ]
[ sql ] [ SQL ] SHOW COLUMNS FROM `admin_user_data` [ RunTime:0.064453s ]
[ sql ] [ SQL ] SELECT * FROM `admin_user_data` WHERE  `uid` = '1' LIMIT 1 [ RunTime:0.062500s ]
[ sql ] [ SQL ] UPDATE `admin_user_data`  SET `loginTimes`=11  WHERE  `id` = 1 [ RunTime:0.067383s ]
[ sql ] [ SQL ] SHOW COLUMNS FROM `admin_menu` [ RunTime:0.061524s ]
[ sql ] [ SQL ] SELECT * FROM `admin_menu` WHERE  `hide` = 0 [ RunTime:0.062500s ]
